#
# A fatal error has been detected by the Java Runtime Environment:
#
#  SIGSEGV (0xb) at pc=0x000000010ac59914, pid=614, tid=16643
#
# JRE version: Java(TM) SE Runtime Environment (8.0_60-b27) (build 1.8.0_60-b27)
# Java VM: Java HotSpot(TM) 64-Bit Server VM (25.60-b23 mixed mode bsd-amd64 compressed oops)
# Problematic frame:
# V  [libjvm.dylib+0x446914]
#
# Failed to write core dump. Core dumps have been disabled. To enable core dumping, try "ulimit -c unlimited" before starting Java again
#
# If you would like to submit a bug report, please visit:
#   http://bugreport.java.com/bugreport/crash.jsp
#

---------------  T H R E A D  ---------------

Current thread (0x00007fb76c005000):  JavaThread "JDWP Transport Listener: dt_socket" daemon [_thread_in_vm, id=16643, stack(0x00000001233e9000,0x00000001234e9000)]

siginfo: si_signo: 11 (SIGSEGV), si_code: 1 (SEGV_MAPERR), si_addr: 0x0000000000140000

Registers:
RAX=0x0000000000000001, RBX=0x00000001234e8a8b, RCX=0x000000010b028310, RDX=0x00000001234e8a8b
RSP=0x00000001234e89d0, RBP=0x00000001234e89e0, RSI=0x00007fb76c005000, RDI=0x0000000000140000
R8 =0x0000000000000000, R9 =0x00007fb76a600000, R10=0x0000000000000010, R11=0x00007fb76a600000
R12=0x00007fb76c005000, R13=0x0000000000140000, R14=0x0000000000140000, R15=0x00007fb76a6019b0
RIP=0x000000010ac59914, EFLAGS=0x0000000000010206, ERR=0x0000000000000004
  TRAPNO=0x000000000000000e

Top of Stack: (sp=0x00000001234e89d0)
0x00000001234e89d0:   00000001234e8a8b 00000001234e8a8b
0x00000001234e89e0:   00000001234e8a40 000000010ab68a0e
0x00000001234e89f0:   00007fb76c005000 0000000000000000
0x00000001234e8a00:   0000000000000000 0000000000000000
0x00000001234e8a10:   00007fb76c005000 00007fb76c005000
0x00000001234e8a20:   00000001234e8a8b 00000001234e8a90
0x00000001234e8a30:   0000000000140000 0000000000000015
0x00000001234e8a40:   00000001234e8a60 000000010b902780
0x00000001234e8a50:   0000000000000001 00000001234e8b08
0x00000001234e8a60:   00000001234e8ad0 000000010b8e71f3
0x00000001234e8a70:   00000001234e8aa0 00007fb76a650e50
0x00000001234e8a80:   0000001600000032 f000100a014e8b08
0x00000001234e8a90:   0000000000000000 0000000000000000
0x00000001234e8aa0:   0000000000000000 00000001234e8c90
0x00000001234e8ab0:   000000010b909e7a 00007fb76a4204e0
0x00000001234e8ac0:   00000001234e8b08 000000010b915598
0x00000001234e8ad0:   00000001234e8ae0 000000010b8e72ec
0x00000001234e8ae0:   00000001234e8d00 000000010b8f0898
0x00000001234e8af0:   0000287300000013 00000000000f0200
0x00000001234e8b00:   00007fb76a422650 00007fb76b9cb946
0x00000001234e8b10:   00007fb70000036a 00007fb76a616da0
0x00000001234e8b20:   00007fb70000012c 00000001234e8b58
0x00000001234e8b30:   00007fb76a64a1f0 0000000000000000
0x00000001234e8b40:   000028730000001c 00007fff00005780
0x00000001234e8b50:   00000001234e8b58 b77f000016000000
0x00000001234e8b60:   0800000040b9646a 33246164626d616c
0x00000001234e8b70:   616a4c2815000000 2f676e616c2f6176
0x00000001234e8b80:   293b676e69727453 1000f0000000005a
0x00000001234e8b90:   03726ab77f00000a 7465670c00000078
0x00000001234e8ba0:   6d614e416d616554 4c29281400000065
0x00000001234e8bb0:   6e616c2f6176616a 676e697274532f67
0x00000001234e8bc0:   000000000000003b 9d626ab77f000001 

Instructions: (pc=0x000000010ac59914)
0x000000010ac598f4:   40 48 48 85 c0 75 e0 30 c0 0f b6 c0 5d c3 31 c0
0x000000010ac59904:   5d c3 55 48 89 e5 53 48 83 ec 08 48 85 ff 74 24
0x000000010ac59914:   48 8b 1f 48 85 db 74 1c 48 83 fb 37 74 16 48 8b
0x000000010ac59924:   03 48 89 df ff 50 10 84 c0 b8 00 00 00 00 48 0f 

Register to memory mapping:

RAX=0x0000000000000001 is an unknown value
RBX=0x00000001234e8a8b is pointing into the stack for thread: 0x00007fb76c005000
RCX=0x000000010b028310: UseMembar+0 in /Library/Java/JavaVirtualMachines/jdk1.8.0_60.jdk/Contents/Home/jre/lib/server/libjvm.dylib at 0x000000010a813000
RDX=0x00000001234e8a8b is pointing into the stack for thread: 0x00007fb76c005000
RSP=0x00000001234e89d0 is pointing into the stack for thread: 0x00007fb76c005000
RBP=0x00000001234e89e0 is pointing into the stack for thread: 0x00007fb76c005000
RSI=0x00007fb76c005000 is a thread
RDI=0x0000000000140000 is an unknown value
R8 =0x0000000000000000 is an unknown value
R9 =0x00007fb76a600000 is an unknown value
R10=0x0000000000000010 is an unknown value
R11=0x00007fb76a600000 is an unknown value
R12=0x00007fb76c005000 is a thread
R13=0x0000000000140000 is an unknown value
R14=0x0000000000140000 is an unknown value
R15=0x00007fb76a6019b0 is an unknown value


Stack: [0x00000001233e9000,0x00000001234e9000],  sp=0x00000001234e89d0,  free space=1022k
Native frames: (J=compiled Java code, j=interpreted, Vv=VM code, C=native code)
V  [libjvm.dylib+0x446914]
V  [libjvm.dylib+0x355a0e]
C  [libjdwp.dylib+0x20780]  isMethodSynthetic+0x63
C  [libjdwp.dylib+0x51f3]  methods1+0x10b
C  [libjdwp.dylib+0x52ec]  methodsWithGeneric+0xe
C  [libjdwp.dylib+0xe898]  debugLoop_run+0x1ce
C  [libjdwp.dylib+0x1f6ba]  attachThread+0x4d
V  [libjvm.dylib+0x396d6c]
V  [libjvm.dylib+0x5612d3]
V  [libjvm.dylib+0x5629ce]
V  [libjvm.dylib+0x48343a]
C  [libsystem_pthread.dylib+0x405a]  _pthread_body+0x83
C  [libsystem_pthread.dylib+0x3fd7]  _pthread_body+0x0
C  [libsystem_pthread.dylib+0x13ed]  thread_start+0xd
C  0x0000000000000000


---------------  P R O C E S S  ---------------

Java Threads: ( => current thread )
  0x00007fb76b0e7800 JavaThread "ReaderThread" [_thread_in_native, id=20739, stack(0x0000000123cb2000,0x0000000123db2000)]
  0x00007fb76c01e800 JavaThread "Service Thread" daemon [_thread_blocked, id=19715, stack(0x00000001239fb000,0x0000000123afb000)]
  0x00007fb76c012000 JavaThread "C1 CompilerThread2" daemon [_thread_blocked, id=19203, stack(0x00000001238f8000,0x00000001239f8000)]
  0x00007fb76c013000 JavaThread "C2 CompilerThread1" daemon [_thread_blocked, id=18691, stack(0x00000001237f5000,0x00000001238f5000)]
  0x00007fb76a818000 JavaThread "C2 CompilerThread0" daemon [_thread_blocked, id=18179, stack(0x00000001236f2000,0x00000001237f2000)]
  0x00007fb76b826800 JavaThread "JDWP Command Reader" daemon [_thread_in_native, id=17667, stack(0x00000001235ef000,0x00000001236ef000)]
  0x00007fb76c008000 JavaThread "JDWP Event Helper Thread" daemon [_thread_blocked, id=17155, stack(0x00000001234ec000,0x00000001235ec000)]
=>0x00007fb76c005000 JavaThread "JDWP Transport Listener: dt_socket" daemon [_thread_in_vm, id=16643, stack(0x00000001233e9000,0x00000001234e9000)]
  0x00007fb76b816800 JavaThread "Signal Dispatcher" daemon [_thread_blocked, id=13331, stack(0x00000001232df000,0x00000001233df000)]
  0x00007fb76c003000 JavaThread "Finalizer" daemon [_thread_blocked, id=11523, stack(0x00000001218b7000,0x00000001219b7000)]
  0x00007fb76c002800 JavaThread "Reference Handler" daemon [_thread_blocked, id=11011, stack(0x00000001217b4000,0x00000001218b4000)]
  0x00007fb76b807800 JavaThread "main" [_thread_blocked, id=4867, stack(0x000000010b79d000,0x000000010b89d000)]

Other Threads:
  0x00007fb76b055000 VMThread [stack: 0x00000001216b1000,0x00000001217b1000] [id=10499]
  0x00007fb76a80d000 WatcherThread [stack: 0x0000000123afe000,0x0000000123bfe000] [id=20227]

VM state:not at safepoint (normal execution)

VM Mutex/Monitor currently owned by a thread: None

Heap:
 PSYoungGen      total 38400K, used 10008K [0x0000000795580000, 0x0000000798000000, 0x00000007c0000000)
  eden space 33280K, 30% used [0x0000000795580000,0x0000000795f46328,0x0000000797600000)
  from space 5120K, 0% used [0x0000000797b00000,0x0000000797b00000,0x0000000798000000)
  to   space 5120K, 0% used [0x0000000797600000,0x0000000797600000,0x0000000797b00000)
 ParOldGen       total 87552K, used 0K [0x0000000740000000, 0x0000000745580000, 0x0000000795580000)
  object space 87552K, 0% used [0x0000000740000000,0x0000000740000000,0x0000000745580000)
 Metaspace       used 6959K, capacity 7120K, committed 7296K, reserved 1056768K
  class space    used 790K, capacity 842K, committed 896K, reserved 1048576K

Card table byte_map: [0x000000011ad02000,0x000000011b103000] byte_map_base: 0x0000000117302000

Marking Bits: (ParMarkBitMap*) 0x000000010b0f1e20
 Begin Bits: [0x000000011b7ba000, 0x000000011d7ba000)
 End Bits:   [0x000000011d7ba000, 0x000000011f7ba000)

Polling page: 0x0000000109ffd000

CodeCache: size=245760Kb used=2197Kb max_used=2206Kb free=243562Kb
 bounds [0x000000010b942000, 0x000000010bbb2000, 0x000000011a942000]
 total_blobs=757 nmethods=463 adapters=216
 compilation: enabled

Compilation events (10 events):
Event: 0.408 Thread 0x00007fb76c012000 nmethod 458 0x000000010bb66b90 code [0x000000010bb66d00, 0x000000010bb66f28]
Event: 0.408 Thread 0x00007fb76c012000  456  s    3       java.lang.StringBuffer::append (15 bytes)
Event: 0.409 Thread 0x00007fb76c012000 nmethod 456 0x000000010bb68bd0 code [0x000000010bb68d40, 0x000000010bb69068]
Event: 0.409 Thread 0x00007fb76c012000  438       1       java.lang.invoke.LambdaForm::arity (5 bytes)
Event: 0.409 Thread 0x00007fb76c012000 nmethod 438 0x000000010bb69150 code [0x000000010bb692a0, 0x000000010bb693b0]
Event: 0.409 Thread 0x00007fb76a818000 nmethod 446 0x000000010bb69410 code [0x000000010bb69580, 0x000000010bb69a78]
Event: 0.412 Thread 0x00007fb76c012000  459       3       jdk.internal.org.objectweb.asm.ByteVector::<init> (13 bytes)
Event: 0.412 Thread 0x00007fb76c012000 nmethod 459 0x000000010bb66710 code [0x000000010bb66880, 0x000000010bb66ad0]
Event: 0.412 Thread 0x00007fb76c012000  460       3       jdk.internal.org.objectweb.asm.ByteVector::putByteArray (49 bytes)
Event: 0.412 Thread 0x00007fb76c012000 nmethod 460 0x000000010bb66150 code [0x000000010bb662e0, 0x000000010bb66618]

GC Heap History (0 events):
No events

Deoptimization events (1 events):
Event: 0.172 Thread 0x00007fb76b807800 Uncommon trap: reason=unstable_if action=reinterpret pc=0x000000010ba71d5c method=java.lang.String.indexOf(II)I @ 49

Internal exceptions (10 events):
Event: 0.145 Thread 0x00007fb76b807800 Exception <a 'java/security/PrivilegedActionException'> (0x0000000795821880) thrown at [/Users/java_re/workspace/8-2-build-macosx-x86_64/jdk8u60/4407/hotspot/src/share/vm/prims/jvm.cpp, line 1386]
Event: 0.146 Thread 0x00007fb76b807800 Exception <a 'java/util/zip/ZipException'> (0x0000000795833490) thrown at [/Users/java_re/workspace/8-2-build-macosx-x86_64/jdk8u60/4407/hotspot/src/share/vm/prims/jni.cpp, line 709]
Event: 0.146 Thread 0x00007fb76b807800 Exception <a 'java/security/PrivilegedActionException'> (0x0000000795833698) thrown at [/Users/java_re/workspace/8-2-build-macosx-x86_64/jdk8u60/4407/hotspot/src/share/vm/prims/jvm.cpp, line 1386]
Event: 0.146 Thread 0x00007fb76b807800 Exception <a 'java/security/PrivilegedActionException'> (0x00000007958338a8) thrown at [/Users/java_re/workspace/8-2-build-macosx-x86_64/jdk8u60/4407/hotspot/src/share/vm/prims/jvm.cpp, line 1386]
Event: 0.311 Thread 0x00007fb76b807800 Exception <a 'java/security/PrivilegedActionException'> (0x0000000795ca8d10) thrown at [/Users/java_re/workspace/8-2-build-macosx-x86_64/jdk8u60/4407/hotspot/src/share/vm/prims/jvm.cpp, line 1386]
Event: 0.311 Thread 0x00007fb76b807800 Exception <a 'java/security/PrivilegedActionException'> (0x0000000795ca9108) thrown at [/Users/java_re/workspace/8-2-build-macosx-x86_64/jdk8u60/4407/hotspot/src/share/vm/prims/jvm.cpp, line 1386]
Event: 0.311 Thread 0x00007fb76b807800 Exception <a 'java/security/PrivilegedActionException'> (0x0000000795cac778) thrown at [/Users/java_re/workspace/8-2-build-macosx-x86_64/jdk8u60/4407/hotspot/src/share/vm/prims/jvm.cpp, line 1386]
Event: 0.311 Thread 0x00007fb76b807800 Exception <a 'java/security/PrivilegedActionException'> (0x0000000795cacbb8) thrown at [/Users/java_re/workspace/8-2-build-macosx-x86_64/jdk8u60/4407/hotspot/src/share/vm/prims/jvm.cpp, line 1386]
Event: 0.384 Thread 0x00007fb76b807800 Exception <a 'java/lang/NoSuchFieldError': method resolution failed> (0x0000000795e0ac18) thrown at [/Users/java_re/workspace/8-2-build-macosx-x86_64/jdk8u60/4407/hotspot/src/share/vm/prims/methodHandles.cpp, line 1146]
Event: 0.389 Thread 0x00007fb76b807800 Exception <a 'java/lang/NoSuchFieldError': method resolution failed> (0x0000000795e18308) thrown at [/Users/java_re/workspace/8-2-build-macosx-x86_64/jdk8u60/4407/hotspot/src/share/vm/prims/methodHandles.cpp, line 1146]

Events (10 events):
Event: 820.669 Executing VM operation: GetCurrentLocation
Event: 820.669 Executing VM operation: GetCurrentLocation done
Event: 820.669 Executing VM operation: EnterInterpOnlyMode
Event: 820.669 Executing VM operation: EnterInterpOnlyMode done
Event: 820.669 Executing VM operation: ChangeSingleStep
Event: 820.669 Executing VM operation: ChangeSingleStep done
Event: 820.669 Executing VM operation: ChangeSingleStep
Event: 820.669 Executing VM operation: ChangeSingleStep done
Event: 820.674 Executing VM operation: RedefineClasses
Event: 820.676 Executing VM operation: RedefineClasses done


Dynamic libraries:
0x0000000008e87000 	/System/Library/Frameworks/Cocoa.framework/Versions/A/Cocoa
0x0000000008e87000 	/System/Library/Frameworks/Security.framework/Versions/A/Security
0x0000000008e87000 	/System/Library/Frameworks/ApplicationServices.framework/Versions/A/ApplicationServices
0x0000000008e87000 	/usr/lib/libz.1.dylib
0x0000000008e87000 	/usr/lib/libSystem.B.dylib
0x0000000008e87000 	/usr/lib/libobjc.A.dylib
0x0000000008e87000 	/System/Library/Frameworks/CoreFoundation.framework/Versions/A/CoreFoundation
0x0000000008e87000 	/System/Library/Frameworks/Foundation.framework/Versions/C/Foundation
0x0000000008e87000 	/System/Library/Frameworks/AppKit.framework/Versions/C/AppKit
0x0000000008e87000 	/System/Library/Frameworks/CoreData.framework/Versions/A/CoreData
0x0000000008e87000 	/System/Library/PrivateFrameworks/RemoteViewServices.framework/Versions/A/RemoteViewServices
0x0000000008e87000 	/System/Library/PrivateFrameworks/UIFoundation.framework/Versions/A/UIFoundation
0x0000000008e87000 	/System/Library/Frameworks/IOSurface.framework/Versions/A/IOSurface
0x0000000008e87000 	/System/Library/Frameworks/AudioToolbox.framework/Versions/A/AudioToolbox
0x0000000008e87000 	/System/Library/Frameworks/AudioUnit.framework/Versions/A/AudioUnit
0x0000000008e87000 	/System/Library/PrivateFrameworks/DataDetectorsCore.framework/Versions/A/DataDetectorsCore
0x0000000008e87000 	/System/Library/PrivateFrameworks/DesktopServicesPriv.framework/Versions/A/DesktopServicesPriv
0x0000000008e87000 	/System/Library/Frameworks/Carbon.framework/Versions/A/Frameworks/HIToolbox.framework/Versions/A/HIToolbox
0x0000000008e87000 	/System/Library/Frameworks/QuartzCore.framework/Versions/A/QuartzCore
0x0000000008e87000 	/System/Library/Frameworks/Carbon.framework/Versions/A/Frameworks/SpeechRecognition.framework/Versions/A/SpeechRecognition
0x0000000008e87000 	/usr/lib/libauto.dylib
0x0000000008e87000 	/usr/lib/libicucore.A.dylib
0x0000000008e87000 	/usr/lib/libxml2.2.dylib
0x0000000008e87000 	/System/Library/PrivateFrameworks/CoreUI.framework/Versions/A/CoreUI
0x0000000008e87000 	/System/Library/Frameworks/CoreAudio.framework/Versions/A/CoreAudio
0x0000000008e87000 	/System/Library/Frameworks/DiskArbitration.framework/Versions/A/DiskArbitration
0x0000000008e87000 	/usr/lib/liblangid.dylib
0x0000000008e87000 	/System/Library/PrivateFrameworks/MultitouchSupport.framework/Versions/A/MultitouchSupport
0x0000000008e87000 	/System/Library/Frameworks/IOKit.framework/Versions/A/IOKit
0x0000000008e87000 	/usr/lib/libDiagnosticMessagesClient.dylib
0x0000000008e87000 	/System/Library/Frameworks/CoreServices.framework/Versions/A/CoreServices
0x0000000008e87000 	/System/Library/PrivateFrameworks/PerformanceAnalysis.framework/Versions/A/PerformanceAnalysis
0x0000000008e87000 	/System/Library/PrivateFrameworks/GenerationalStorage.framework/Versions/A/GenerationalStorage
0x0000000008e87000 	/System/Library/Frameworks/OpenGL.framework/Versions/A/OpenGL
0x0000000008e87000 	/System/Library/PrivateFrameworks/Sharing.framework/Versions/A/Sharing
0x0000000008e87000 	/System/Library/Frameworks/CoreGraphics.framework/Versions/A/CoreGraphics
0x0000000008e87000 	/System/Library/Frameworks/CoreText.framework/Versions/A/CoreText
0x0000000008e87000 	/System/Library/Frameworks/ImageIO.framework/Versions/A/ImageIO
0x0000000008e87000 	/usr/lib/libextension.dylib
0x0000000008e87000 	/System/Library/PrivateFrameworks/Backup.framework/Versions/A/Backup
0x0000000008e87000 	/usr/lib/libarchive.2.dylib
0x0000000008e87000 	/System/Library/Frameworks/CFNetwork.framework/Versions/A/CFNetwork
0x0000000008e87000 	/System/Library/Frameworks/SystemConfiguration.framework/Versions/A/SystemConfiguration
0x0000000008e87000 	/usr/lib/libCRFSuite.dylib
0x0000000008e87000 	/usr/lib/libc++.1.dylib
0x0000000008e87000 	/usr/lib/libc++abi.dylib
0x0000000008e87000 	/usr/lib/system/libcache.dylib
0x0000000008e87000 	/usr/lib/system/libcommonCrypto.dylib
0x0000000008e87000 	/usr/lib/system/libcompiler_rt.dylib
0x0000000008e87000 	/usr/lib/system/libcopyfile.dylib
0x0000000008e87000 	/usr/lib/system/libcorecrypto.dylib
0x0000000008e87000 	/usr/lib/system/libdispatch.dylib
0x0000000008e87000 	/usr/lib/system/libdyld.dylib
0x0000000008e87000 	/usr/lib/system/libkeymgr.dylib
0x0000000008e87000 	/usr/lib/system/liblaunch.dylib
0x0000000008e87000 	/usr/lib/system/libmacho.dylib
0x0000000008e87000 	/usr/lib/system/libquarantine.dylib
0x0000000008e87000 	/usr/lib/system/libremovefile.dylib
0x0000000008e87000 	/usr/lib/system/libsystem_asl.dylib
0x0000000008e87000 	/usr/lib/system/libsystem_blocks.dylib
0x0000000008e87000 	/usr/lib/system/libsystem_c.dylib
0x0000000008e87000 	/usr/lib/system/libsystem_configuration.dylib
0x0000000008e87000 	/usr/lib/system/libsystem_coreservices.dylib
0x0000000008e87000 	/usr/lib/system/libsystem_coretls.dylib
0x0000000008e87000 	/usr/lib/system/libsystem_dnssd.dylib
0x0000000008e87000 	/usr/lib/system/libsystem_info.dylib
0x0000000008e87000 	/usr/lib/system/libsystem_kernel.dylib
0x0000000008e87000 	/usr/lib/system/libsystem_m.dylib
0x0000000008e87000 	/usr/lib/system/libsystem_malloc.dylib
0x0000000008e87000 	/usr/lib/system/libsystem_network.dylib
0x0000000008e87000 	/usr/lib/system/libsystem_networkextension.dylib
0x0000000008e87000 	/usr/lib/system/libsystem_notify.dylib
0x0000000008e87000 	/usr/lib/system/libsystem_platform.dylib
0x0000000008e87000 	/usr/lib/system/libsystem_pthread.dylib
0x0000000008e87000 	/usr/lib/system/libsystem_sandbox.dylib
0x0000000008e87000 	/usr/lib/system/libsystem_secinit.dylib
0x0000000008e87000 	/usr/lib/system/libsystem_stats.dylib
0x0000000008e87000 	/usr/lib/system/libsystem_trace.dylib
0x0000000008e87000 	/usr/lib/system/libunc.dylib
0x0000000008e87000 	/usr/lib/system/libunwind.dylib
0x0000000008e87000 	/usr/lib/system/libxpc.dylib
0x0000000008e87000 	/usr/lib/libbz2.1.0.dylib
0x0000000008e87000 	/usr/lib/liblzma.5.dylib
0x0000000008e87000 	/usr/lib/libbsm.0.dylib
0x0000000008e87000 	/usr/lib/libsqlite3.dylib
0x0000000008e87000 	/usr/lib/system/libkxld.dylib
0x0000000008e87000 	/usr/lib/libxar.1.dylib
0x0000000008e87000 	/usr/lib/libpam.2.dylib
0x0000000008e87000 	/usr/lib/libOpenScriptingUtil.dylib
0x0000000008e87000 	/System/Library/Frameworks/CoreServices.framework/Versions/A/Frameworks/FSEvents.framework/Versions/A/FSEvents
0x0000000008e87000 	/System/Library/Frameworks/CoreServices.framework/Versions/A/Frameworks/CarbonCore.framework/Versions/A/CarbonCore
0x0000000008e87000 	/System/Library/Frameworks/CoreServices.framework/Versions/A/Frameworks/Metadata.framework/Versions/A/Metadata
0x0000000008e87000 	/System/Library/Frameworks/CoreServices.framework/Versions/A/Frameworks/OSServices.framework/Versions/A/OSServices
0x0000000008e87000 	/System/Library/Frameworks/CoreServices.framework/Versions/A/Frameworks/SearchKit.framework/Versions/A/SearchKit
0x0000000008e87000 	/System/Library/Frameworks/CoreServices.framework/Versions/A/Frameworks/AE.framework/Versions/A/AE
0x0000000008e87000 	/System/Library/Frameworks/CoreServices.framework/Versions/A/Frameworks/LaunchServices.framework/Versions/A/LaunchServices
0x0000000008e87000 	/System/Library/Frameworks/CoreServices.framework/Versions/A/Frameworks/DictionaryServices.framework/Versions/A/DictionaryServices
0x0000000008e87000 	/System/Library/Frameworks/NetFS.framework/Versions/A/NetFS
0x0000000008e87000 	/System/Library/PrivateFrameworks/NetAuth.framework/Versions/A/NetAuth
0x0000000008e87000 	/System/Library/PrivateFrameworks/login.framework/Versions/A/Frameworks/loginsupport.framework/Versions/A/loginsupport
0x0000000008e87000 	/System/Library/PrivateFrameworks/TCC.framework/Versions/A/TCC
0x0000000008e87000 	/usr/lib/libmecabra.dylib
0x0000000008e87000 	/System/Library/Frameworks/ApplicationServices.framework/Versions/A/Frameworks/ATS.framework/Versions/A/ATS
0x0000000008e87000 	/System/Library/Frameworks/ApplicationServices.framework/Versions/A/Frameworks/ColorSync.framework/Versions/A/ColorSync
0x0000000008e87000 	/System/Library/Frameworks/ApplicationServices.framework/Versions/A/Frameworks/HIServices.framework/Versions/A/HIServices
0x0000000008e87000 	/System/Library/Frameworks/ApplicationServices.framework/Versions/A/Frameworks/LangAnalysis.framework/Versions/A/LangAnalysis
0x0000000008e87000 	/System/Library/Frameworks/ApplicationServices.framework/Versions/A/Frameworks/PrintCore.framework/Versions/A/PrintCore
0x0000000008e87000 	/System/Library/Frameworks/ApplicationServices.framework/Versions/A/Frameworks/QD.framework/Versions/A/QD
0x0000000008e87000 	/System/Library/Frameworks/ApplicationServices.framework/Versions/A/Frameworks/SpeechSynthesis.framework/Versions/A/SpeechSynthesis
0x0000000008e87000 	/System/Library/Frameworks/Accelerate.framework/Versions/A/Accelerate
0x0000000008e87000 	/System/Library/Frameworks/Accelerate.framework/Versions/A/Frameworks/vImage.framework/Versions/A/vImage
0x0000000008e87000 	/System/Library/Frameworks/Accelerate.framework/Versions/A/Frameworks/vecLib.framework/Versions/A/vecLib
0x0000000008e87000 	/System/Library/Frameworks/Accelerate.framework/Versions/A/Frameworks/vecLib.framework/Versions/A/libvDSP.dylib
0x0000000008e87000 	/System/Library/Frameworks/Accelerate.framework/Versions/A/Frameworks/vecLib.framework/Versions/A/libvMisc.dylib
0x0000000008e87000 	/System/Library/Frameworks/Accelerate.framework/Versions/A/Frameworks/vecLib.framework/Versions/A/libLAPACK.dylib
0x0000000008e87000 	/System/Library/Frameworks/Accelerate.framework/Versions/A/Frameworks/vecLib.framework/Versions/A/libBLAS.dylib
0x0000000008e87000 	/System/Library/Frameworks/Accelerate.framework/Versions/A/Frameworks/vecLib.framework/Versions/A/libLinearAlgebra.dylib
0x0000000008e87000 	/System/Library/Frameworks/ApplicationServices.framework/Versions/A/Frameworks/ATS.framework/Versions/A/Resources/libFontParser.dylib
0x0000000008e87000 	/System/Library/Frameworks/ApplicationServices.framework/Versions/A/Frameworks/ATS.framework/Versions/A/Resources/libFontRegistry.dylib
0x0000000008e87000 	/System/Library/PrivateFrameworks/AppleVPA.framework/Versions/A/AppleVPA
0x0000000008e87000 	/System/Library/PrivateFrameworks/AppleJPEG.framework/Versions/A/AppleJPEG
0x0000000008e87000 	/System/Library/Frameworks/ImageIO.framework/Versions/A/Resources/libJPEG.dylib
0x0000000008e87000 	/System/Library/Frameworks/ImageIO.framework/Versions/A/Resources/libTIFF.dylib
0x0000000008e87000 	/System/Library/Frameworks/ImageIO.framework/Versions/A/Resources/libPng.dylib
0x0000000008e87000 	/System/Library/Frameworks/ImageIO.framework/Versions/A/Resources/libGIF.dylib
0x0000000008e87000 	/System/Library/Frameworks/ImageIO.framework/Versions/A/Resources/libJP2.dylib
0x0000000008e87000 	/System/Library/Frameworks/ImageIO.framework/Versions/A/Resources/libRadiance.dylib
0x0000000008e87000 	/System/Library/Frameworks/CoreVideo.framework/Versions/A/CoreVideo
0x0000000008e87000 	/System/Library/Frameworks/OpenGL.framework/Versions/A/Libraries/libGLU.dylib
0x0000000008e87000 	/System/Library/Frameworks/OpenGL.framework/Versions/A/Libraries/libGFXShared.dylib
0x0000000008e87000 	/System/Library/Frameworks/OpenGL.framework/Versions/A/Libraries/libGL.dylib
0x0000000008e87000 	/System/Library/Frameworks/OpenGL.framework/Versions/A/Libraries/libGLImage.dylib
0x0000000008e87000 	/System/Library/Frameworks/OpenGL.framework/Versions/A/Libraries/libCVMSPluginSupport.dylib
0x0000000008e87000 	/System/Library/Frameworks/OpenGL.framework/Versions/A/Libraries/libCoreVMClient.dylib
0x0000000008e87000 	/usr/lib/libcups.2.dylib
0x0000000008e87000 	/System/Library/Frameworks/Kerberos.framework/Versions/A/Kerberos
0x0000000008e87000 	/System/Library/Frameworks/GSS.framework/Versions/A/GSS
0x0000000008e87000 	/usr/lib/libresolv.9.dylib
0x0000000008e87000 	/usr/lib/libiconv.2.dylib
0x0000000008e87000 	/System/Library/PrivateFrameworks/Heimdal.framework/Versions/A/Heimdal
0x0000000008e87000 	/usr/lib/libheimdal-asn1.dylib
0x0000000008e87000 	/System/Library/Frameworks/OpenDirectory.framework/Versions/A/OpenDirectory
0x0000000008e87000 	/System/Library/PrivateFrameworks/CommonAuth.framework/Versions/A/CommonAuth
0x0000000008e87000 	/System/Library/Frameworks/OpenDirectory.framework/Versions/A/Frameworks/CFOpenDirectory.framework/Versions/A/CFOpenDirectory
0x0000000008e87000 	/System/Library/Frameworks/SecurityFoundation.framework/Versions/A/SecurityFoundation
0x0000000008e87000 	/System/Library/PrivateFrameworks/LanguageModeling.framework/Versions/A/LanguageModeling
0x0000000008e87000 	/usr/lib/libcmph.dylib
0x0000000008e87000 	/System/Library/Frameworks/ServiceManagement.framework/Versions/A/ServiceManagement
0x0000000008e87000 	/usr/lib/libxslt.1.dylib
0x0000000008e87000 	/System/Library/Frameworks/Carbon.framework/Versions/A/Frameworks/Ink.framework/Versions/A/Ink
0x0000000008e87000 	/System/Library/Frameworks/QuartzCore.framework/Versions/A/Frameworks/CoreImage.framework/Versions/A/CoreImage
0x0000000008e87000 	/System/Library/PrivateFrameworks/CrashReporterSupport.framework/Versions/A/CrashReporterSupport
0x0000000008e87000 	/System/Library/Frameworks/OpenCL.framework/Versions/A/OpenCL
0x0000000008e87000 	/System/Library/PrivateFrameworks/FaceCore.framework/Versions/A/FaceCore
0x0000000008e87000 	/System/Library/PrivateFrameworks/Ubiquity.framework/Versions/A/Ubiquity
0x0000000008e87000 	/System/Library/PrivateFrameworks/IconServices.framework/Versions/A/IconServices
0x0000000008e87000 	/System/Library/PrivateFrameworks/ChunkingLibrary.framework/Versions/A/ChunkingLibrary
0x0000000008e87000 	/System/Library/PrivateFrameworks/Apple80211.framework/Versions/A/Apple80211
0x0000000008e87000 	/System/Library/Frameworks/CoreWLAN.framework/Versions/A/CoreWLAN
0x0000000008e87000 	/System/Library/Frameworks/IOBluetooth.framework/Versions/A/IOBluetooth
0x0000000008e87000 	/System/Library/PrivateFrameworks/CoreWiFi.framework/Versions/A/CoreWiFi
0x0000000008e87000 	/System/Library/Frameworks/CoreBluetooth.framework/Versions/A/CoreBluetooth
0x0000000008e87000 	/System/Library/PrivateFrameworks/DebugSymbols.framework/Versions/A/DebugSymbols
0x0000000008e87000 	/System/Library/PrivateFrameworks/CoreSymbolication.framework/Versions/A/CoreSymbolication
0x0000000008e87000 	/System/Library/PrivateFrameworks/Symbolication.framework/Versions/A/Symbolication
0x0000000008e87000 	/System/Library/PrivateFrameworks/SpeechRecognitionCore.framework/Versions/A/SpeechRecognitionCore
0x000000010a813000 	/Library/Java/JavaVirtualMachines/jdk1.8.0_60.jdk/Contents/Home/jre/lib/server/libjvm.dylib
0x0000000008e87000 	/usr/lib/libstdc++.6.dylib
0x000000010b89f000 	/Library/Java/JavaVirtualMachines/jdk1.8.0_60.jdk/Contents/Home/jre/lib/libverify.dylib
0x000000010b8ad000 	/Library/Java/JavaVirtualMachines/jdk1.8.0_60.jdk/Contents/Home/jre/lib/libjava.dylib
0x000000010b8e2000 	/Library/Java/JavaVirtualMachines/jdk1.8.0_60.jdk/Contents/Home/jre/lib/libjdwp.dylib
0x000000010b92d000 	/Library/Java/JavaVirtualMachines/jdk1.8.0_60.jdk/Contents/Home/jre/lib/libnpt.dylib
0x000000010b939000 	/Library/Java/JavaVirtualMachines/jdk1.8.0_60.jdk/Contents/Home/jre/lib/libzip.dylib
0x00000001219b9000 	/System/Library/Frameworks/JavaVM.framework/Frameworks/JavaRuntimeSupport.framework/JavaRuntimeSupport
0x00000001219d4000 	/System/Library/Frameworks/JavaVM.framework/Versions/A/Frameworks/JavaNativeFoundation.framework/Versions/A/JavaNativeFoundation
0x00000001219e9000 	/System/Library/Frameworks/JavaVM.framework/Versions/A/JavaVM
0x0000000008e87000 	/System/Library/Frameworks/Carbon.framework/Versions/A/Carbon
0x00000001219f6000 	/System/Library/PrivateFrameworks/JavaLaunching.framework/Versions/A/JavaLaunching
0x0000000008e87000 	/System/Library/Frameworks/Carbon.framework/Versions/A/Frameworks/CommonPanels.framework/Versions/A/CommonPanels
0x0000000008e87000 	/System/Library/Frameworks/Carbon.framework/Versions/A/Frameworks/Help.framework/Versions/A/Help
0x0000000008e87000 	/System/Library/Frameworks/Carbon.framework/Versions/A/Frameworks/ImageCapture.framework/Versions/A/ImageCapture
0x0000000008e87000 	/System/Library/Frameworks/Carbon.framework/Versions/A/Frameworks/OpenScripting.framework/Versions/A/OpenScripting
0x0000000008e87000 	/System/Library/Frameworks/Carbon.framework/Versions/A/Frameworks/Print.framework/Versions/A/Print
0x0000000008e87000 	/System/Library/Frameworks/Carbon.framework/Versions/A/Frameworks/SecurityHI.framework/Versions/A/SecurityHI
0x00000001233e1000 	/Library/Java/JavaVirtualMachines/jdk1.8.0_60.jdk/Contents/Home/jre/lib/libdt_socket.dylib
0x0000000123c52000 	/Library/Java/JavaVirtualMachines/jdk1.8.0_60.jdk/Contents/Home/jre/lib/libnet.dylib

VM Arguments:
jvm_args: -agentlib:jdwp=transport=dt_socket,suspend=y,address=localhost:50449 -Dfile.encoding=UTF-8 
java_command: org.eclipse.jdt.internal.junit.runner.RemoteTestRunner -version 3 -port 50448 -testLoaderClass org.eclipse.jdt.internal.junit4.runner.JUnit4TestLoader -loaderpluginname org.eclipse.jdt.junit4.runtime -classNames actions.TennisGenerateJsonTest
java_class_path (initial): /Users/soniasotosmaestro/Desktop/Sports/target/test-classes:/Users/soniasotosmaestro/Desktop/Sports/target/classes:/Users/soniasotosmaestro/Documents/eclipse/plugins/org.junit_4.11.0.v201303080030/junit.jar:/Users/soniasotosmaestro/Documents/eclipse/plugins/org.hamcrest.core_1.3.0.v201303031735.jar:/Users/soniasotosmaestro/.m2/repository/junit/junit/3.8.1/junit-3.8.1.jar:/Users/soniasotosmaestro/.m2/repository/org/apache/commons/commons-lang3/3.4/commons-lang3-3.4.jar:/Users/soniasotosmaestro/.m2/repository/com/fasterxml/jackson/core/jackson-core/2.8.1/jackson-core-2.8.1.jar:/Users/soniasotosmaestro/Documents/eclipse/configuration/org.eclipse.osgi/360/0/.cp/:/Users/soniasotosmaestro/Documents/eclipse/configuration/org.eclipse.osgi/359/0/.cp/
Launcher Type: SUN_STANDARD

Environment Variables:
PATH=/usr/bin:/bin:/usr/sbin:/sbin
SHELL=/bin/bash

Signal Handlers:
SIGSEGV: [libjvm.dylib+0x5a6d31], sa_mask[0]=11111111011111110111111111111111, sa_flags=SA_ONSTACK|SA_RESTART|SA_SIGINFO
SIGBUS: [libjvm.dylib+0x5a6d31], sa_mask[0]=11111111011111110111111111111111, sa_flags=SA_RESTART|SA_SIGINFO
SIGFPE: [libjvm.dylib+0x480a4c], sa_mask[0]=11111111011111110111111111111111, sa_flags=SA_RESTART|SA_SIGINFO
SIGPIPE: [libjvm.dylib+0x480a4c], sa_mask[0]=11111111011111110111111111111111, sa_flags=SA_RESTART|SA_SIGINFO
SIGXFSZ: [libjvm.dylib+0x480a4c], sa_mask[0]=11111111011111110111111111111111, sa_flags=SA_RESTART|SA_SIGINFO
SIGILL: [libjvm.dylib+0x480a4c], sa_mask[0]=11111111011111110111111111111111, sa_flags=SA_RESTART|SA_SIGINFO
SIGUSR1: SIG_DFL, sa_mask[0]=00000000000000000000000000000000, sa_flags=none
SIGUSR2: [libjvm.dylib+0x48056a], sa_mask[0]=00100000000000000000000000000000, sa_flags=SA_RESTART|SA_SIGINFO
SIGHUP: [libjvm.dylib+0x47eb41], sa_mask[0]=11111111011111110111111111111111, sa_flags=SA_RESTART|SA_SIGINFO
SIGINT: [libjvm.dylib+0x47eb41], sa_mask[0]=11111111011111110111111111111111, sa_flags=SA_RESTART|SA_SIGINFO
SIGTERM: [libjvm.dylib+0x47eb41], sa_mask[0]=11111111011111110111111111111111, sa_flags=SA_RESTART|SA_SIGINFO
SIGQUIT: [libjvm.dylib+0x47eb41], sa_mask[0]=11111111011111110111111111111111, sa_flags=SA_RESTART|SA_SIGINFO


---------------  S Y S T E M  ---------------

OS:Bsduname:Darwin 14.5.0 Darwin Kernel Version 14.5.0: Mon Jan 11 18:48:35 PST 2016; root:xnu-2782.50.2~1/RELEASE_X86_64 x86_64
rlimit: STACK 8192k, CORE 0k, NPROC 709, NOFILE 10240, AS infinity
load average:1.81 1.74 1.65

CPU:total 4 (2 cores per cpu, 2 threads per core) family 6 model 61 stepping 4, cmov, cx8, fxsr, mmx, sse, sse2, sse3, ssse3, sse4.1, sse4.2, popcnt, avx, avx2, aes, clmul, erms, rtm, 3dnowpref, lzcnt, ht, tsc, tscinvbit, bmi1, bmi2, adx

Memory: 4k page, physical 8388608k(2975924k free)

/proc/meminfo:


vm_info: Java HotSpot(TM) 64-Bit Server VM (25.60-b23) for bsd-amd64 JRE (1.8.0_60-b27), built on Aug  4 2015 10:47:24 by "java_re" with gcc 4.2.1 (Based on Apple Inc. build 5658) (LLVM build 2336.11.00)

time: Wed Aug  3 16:58:43 2016
elapsed time: 820 seconds (0d 0h 13m 40s)

