#
# A fatal error has been detected by the Java Runtime Environment:
#
#  SIGSEGV (0xb) at pc=0x0000000107646914, pid=593, tid=16643
#
# JRE version: Java(TM) SE Runtime Environment (8.0_60-b27) (build 1.8.0_60-b27)
# Java VM: Java HotSpot(TM) 64-Bit Server VM (25.60-b23 mixed mode bsd-amd64 compressed oops)
# Problematic frame:
# V  [libjvm.dylib+0x446914]
#
# Failed to write core dump. Core dumps have been disabled. To enable core dumping, try "ulimit -c unlimited" before starting Java again
#
# If you would like to submit a bug report, please visit:
#   http://bugreport.java.com/bugreport/crash.jsp
#

---------------  T H R E A D  ---------------

Current thread (0x00007fd7dc803800):  JavaThread "JDWP Transport Listener: dt_socket" daemon [_thread_in_vm, id=16643, stack(0x000000011fd6d000,0x000000011fe6d000)]

siginfo: si_signo: 11 (SIGSEGV), si_code: 0 (unknown), si_addr: 0x0000000000000000

Registers:
RAX=0x0000000000000001, RBX=0x000000011fe6ca8b, RCX=0x0000000107a15310, RDX=0x000000011fe6ca8b
RSP=0x000000011fe6c9d0, RBP=0x000000011fe6c9e0, RSI=0x00007fd7dc803800, RDI=0x2f676e616c2f6176
R8 =0x0000000000000000, R9 =0x00007fd7dad00000, R10=0x0000000000000010, R11=0x00007fd7dad00000
R12=0x00007fd7dc803800, R13=0x2f676e616c2f6176, R14=0x2f676e616c2f6176, R15=0x00007fd7dae033c0
RIP=0x0000000107646914, EFLAGS=0x0000000000010202, ERR=0x0000000000000000
  TRAPNO=0x000000000000000d

Top of Stack: (sp=0x000000011fe6c9d0)
0x000000011fe6c9d0:   000000011fe6ca8b 000000011fe6ca8b
0x000000011fe6c9e0:   000000011fe6ca40 0000000107555a0e
0x000000011fe6c9f0:   00007fd7dc803800 0000000000000000
0x000000011fe6ca00:   0000000000000000 0000000000000000
0x000000011fe6ca10:   00007fd7dc803800 00007fd7dc803800
0x000000011fe6ca20:   000000011fe6ca8b 000000011fe6ca90
0x000000011fe6ca30:   2f676e616c2f6176 0000000000000014
0x000000011fe6ca40:   000000011fe6ca60 00000001082ac780
0x000000011fe6ca50:   0000000000000001 000000011fe6cb08
0x000000011fe6ca60:   000000011fe6cad0 00000001082911f3
0x000000011fe6ca70:   000000011fe6caa0 00007fd7dad4f9c0
0x000000011fe6ca80:   0000001500000032 f000100a01e6cb08
0x000000011fe6ca90:   0000000000000000 0000000000000000
0x000000011fe6caa0:   0000000000000000 000000011fe6cc90
0x000000011fe6cab0:   00000001082b3e7a 00007fd7dac48680
0x000000011fe6cac0:   000000011fe6cb08 00000001082bf598
0x000000011fe6cad0:   000000011fe6cae0 00000001082912ec
0x000000011fe6cae0:   000000011fe6cd00 000000010829a898
0x000000011fe6caf0:   0000256000000013 00000000000f0200
0x000000011fe6cb00:   00007fd7dac486a0 00007fd7db8e3d11
0x000000011fe6cb10:   00007fd70000039f 00007fd7dad5d8a0
0x000000011fe6cb20:   00007fd70000012c 000000011fe6cb58
0x000000011fe6cb30:   00007fd7dad62e00 0000000000000000
0x000000011fe6cb40:   000025600000001c 0000000000000080
0x000000011fe6cb50:   000000011fe6cb58 d77f000015000000
0x000000011fe6cb60:   08000000f88ec4da 32246164626d616c
0x000000011fe6cb70:   616a4c282e000000 2f6c6974752f6176
0x000000011fe6cb80:   61502f7865676572 6a4c3b6e72657474
0x000000011fe6cb90:   676e616c2f617661 3b676e697274532f
0x000000011fe6cba0:   00f0000000005a29 e2dad77f00000a10
0x000000011fe6cbb0:   65670c000000707f 614e416d61655474
0x000000011fe6cbc0:   292814000000656d 616c2f6176616a4c 

Instructions: (pc=0x0000000107646914)
0x00000001076468f4:   40 48 48 85 c0 75 e0 30 c0 0f b6 c0 5d c3 31 c0
0x0000000107646904:   5d c3 55 48 89 e5 53 48 83 ec 08 48 85 ff 74 24
0x0000000107646914:   48 8b 1f 48 85 db 74 1c 48 83 fb 37 74 16 48 8b
0x0000000107646924:   03 48 89 df ff 50 10 84 c0 b8 00 00 00 00 48 0f 

Register to memory mapping:

RAX=0x0000000000000001 is an unknown value
RBX=0x000000011fe6ca8b is pointing into the stack for thread: 0x00007fd7dc803800
RCX=0x0000000107a15310: UseMembar+0 in /Library/Java/JavaVirtualMachines/jdk1.8.0_60.jdk/Contents/Home/jre/lib/server/libjvm.dylib at 0x0000000107200000
RDX=0x000000011fe6ca8b is pointing into the stack for thread: 0x00007fd7dc803800
RSP=0x000000011fe6c9d0 is pointing into the stack for thread: 0x00007fd7dc803800
RBP=0x000000011fe6c9e0 is pointing into the stack for thread: 0x00007fd7dc803800
RSI=0x00007fd7dc803800 is a thread
RDI=0x2f676e616c2f6176 is an unknown value
R8 =0x0000000000000000 is an unknown value
R9 =0x00007fd7dad00000 is an unknown value
R10=0x0000000000000010 is an unknown value
R11=0x00007fd7dad00000 is an unknown value
R12=0x00007fd7dc803800 is a thread
R13=0x2f676e616c2f6176 is an unknown value
R14=0x2f676e616c2f6176 is an unknown value
R15=0x00007fd7dae033c0 is an unknown value


Stack: [0x000000011fd6d000,0x000000011fe6d000],  sp=0x000000011fe6c9d0,  free space=1022k
Native frames: (J=compiled Java code, j=interpreted, Vv=VM code, C=native code)
V  [libjvm.dylib+0x446914]
V  [libjvm.dylib+0x355a0e]
C  [libjdwp.dylib+0x20780]  isMethodSynthetic+0x63
C  [libjdwp.dylib+0x51f3]  methods1+0x10b
C  [libjdwp.dylib+0x52ec]  methodsWithGeneric+0xe
C  [libjdwp.dylib+0xe898]  debugLoop_run+0x1ce
C  [libjdwp.dylib+0x1f6ba]  attachThread+0x4d
V  [libjvm.dylib+0x396d6c]
V  [libjvm.dylib+0x5612d3]
V  [libjvm.dylib+0x5629ce]
V  [libjvm.dylib+0x48343a]
C  [libsystem_pthread.dylib+0x405a]  _pthread_body+0x83
C  [libsystem_pthread.dylib+0x3fd7]  _pthread_body+0x0
C  [libsystem_pthread.dylib+0x13ed]  thread_start+0xd
C  0x0000000000000000


---------------  P R O C E S S  ---------------

Java Threads: ( => current thread )
  0x00007fd7db014000 JavaThread "ReaderThread" [_thread_in_native, id=20739, stack(0x0000000120635000,0x0000000120735000)]
  0x00007fd7db83a800 JavaThread "Service Thread" daemon [_thread_blocked, id=19715, stack(0x000000012037f000,0x000000012047f000)]
  0x00007fd7db851000 JavaThread "C1 CompilerThread2" daemon [_thread_blocked, id=19203, stack(0x000000012027c000,0x000000012037c000)]
  0x00007fd7db83f800 JavaThread "C2 CompilerThread1" daemon [_thread_blocked, id=18691, stack(0x0000000120179000,0x0000000120279000)]
  0x00007fd7dc01a000 JavaThread "C2 CompilerThread0" daemon [_thread_blocked, id=18179, stack(0x0000000120076000,0x0000000120176000)]
  0x00007fd7db015000 JavaThread "JDWP Command Reader" daemon [_thread_in_native, id=17667, stack(0x000000011ff73000,0x0000000120073000)]
  0x00007fd7dc804800 JavaThread "JDWP Event Helper Thread" daemon [_thread_blocked, id=17155, stack(0x000000011fe70000,0x000000011ff70000)]
=>0x00007fd7dc803800 JavaThread "JDWP Transport Listener: dt_socket" daemon [_thread_in_vm, id=16643, stack(0x000000011fd6d000,0x000000011fe6d000)]
  0x00007fd7db032000 JavaThread "Signal Dispatcher" daemon [_thread_blocked, id=12307, stack(0x000000011fc63000,0x000000011fd63000)]
  0x00007fd7dc801000 JavaThread "Finalizer" daemon [_thread_blocked, id=11523, stack(0x000000011e24c000,0x000000011e34c000)]
  0x00007fd7db832000 JavaThread "Reference Handler" daemon [_thread_blocked, id=11011, stack(0x000000011e149000,0x000000011e249000)]
  0x00007fd7db804800 JavaThread "main" [_thread_blocked, id=4867, stack(0x000000010818a000,0x000000010828a000)]

Other Threads:
  0x00007fd7dc011000 VMThread [stack: 0x000000011e046000,0x000000011e146000] [id=10499]
  0x00007fd7dc802800 WatcherThread [stack: 0x0000000120482000,0x0000000120582000] [id=20227]

VM state:not at safepoint (normal execution)

VM Mutex/Monitor currently owned by a thread: None

Heap:
 PSYoungGen      total 38400K, used 10008K [0x0000000795580000, 0x0000000798000000, 0x00000007c0000000)
  eden space 33280K, 30% used [0x0000000795580000,0x0000000795f46308,0x0000000797600000)
  from space 5120K, 0% used [0x0000000797b00000,0x0000000797b00000,0x0000000798000000)
  to   space 5120K, 0% used [0x0000000797600000,0x0000000797600000,0x0000000797b00000)
 ParOldGen       total 87552K, used 0K [0x0000000740000000, 0x0000000745580000, 0x0000000795580000)
  object space 87552K, 0% used [0x0000000740000000,0x0000000740000000,0x0000000745580000)
 Metaspace       used 6903K, capacity 7102K, committed 7296K, reserved 1056768K
  class space    used 785K, capacity 835K, committed 896K, reserved 1048576K

Card table byte_map: [0x0000000117697000,0x0000000117a98000] byte_map_base: 0x0000000113c97000

Marking Bits: (ParMarkBitMap*) 0x0000000107adee20
 Begin Bits: [0x000000011814f000, 0x000000011a14f000)
 End Bits:   [0x000000011a14f000, 0x000000011c14f000)

Polling page: 0x00000001069d6000

CodeCache: size=245760Kb used=2163Kb max_used=2163Kb free=243596Kb
 bounds [0x00000001082d7000, 0x0000000108547000, 0x00000001172d7000]
 total_blobs=728 nmethods=434 adapters=216
 compilation: enabled

Compilation events (10 events):
Event: 0.424 Thread 0x00007fd7db851000  423  s    3       java.lang.StringBuffer::toString (36 bytes)
Event: 0.424 Thread 0x00007fd7db851000 nmethod 423 0x00000001084f2a10 code [0x00000001084f2ba0, 0x00000001084f3048]
Event: 0.424 Thread 0x00007fd7db851000  414       1       java.lang.invoke.LambdaForm::arity (5 bytes)
Event: 0.424 Thread 0x00007fd7db851000 nmethod 414 0x00000001084f31d0 code [0x00000001084f3320, 0x00000001084f3430]
Event: 0.426 Thread 0x00007fd7db851000  432       3       jdk.internal.org.objectweb.asm.ByteVector::putInt (74 bytes)
Event: 0.427 Thread 0x00007fd7db851000 nmethod 432 0x00000001084f3490 code [0x00000001084f3600, 0x00000001084f38a8]
Event: 0.427 Thread 0x00007fd7db851000  431       3       jdk.internal.org.objectweb.asm.ByteVector::<init> (13 bytes)
Event: 0.428 Thread 0x00007fd7db851000 nmethod 431 0x00000001084f3a50 code [0x00000001084f3bc0, 0x00000001084f3e10]
Event: 0.428 Thread 0x00007fd7db851000  433       3       jdk.internal.org.objectweb.asm.ByteVector::putByteArray (49 bytes)
Event: 0.428 Thread 0x00007fd7db851000 nmethod 433 0x00000001084f3ed0 code [0x00000001084f4060, 0x00000001084f4398]

GC Heap History (0 events):
No events

Deoptimization events (1 events):
Event: 0.169 Thread 0x00007fd7db804800 Uncommon trap: reason=unstable_if action=reinterpret pc=0x00000001083f8bdc method=java.lang.String.indexOf(II)I @ 49

Internal exceptions (10 events):
Event: 0.144 Thread 0x00007fd7db804800 Exception <a 'java/security/PrivilegedActionException'> (0x0000000795821a70) thrown at [/Users/java_re/workspace/8-2-build-macosx-x86_64/jdk8u60/4407/hotspot/src/share/vm/prims/jvm.cpp, line 1386]
Event: 0.145 Thread 0x00007fd7db804800 Exception <a 'java/util/zip/ZipException'> (0x0000000795833680) thrown at [/Users/java_re/workspace/8-2-build-macosx-x86_64/jdk8u60/4407/hotspot/src/share/vm/prims/jni.cpp, line 709]
Event: 0.145 Thread 0x00007fd7db804800 Exception <a 'java/security/PrivilegedActionException'> (0x0000000795833888) thrown at [/Users/java_re/workspace/8-2-build-macosx-x86_64/jdk8u60/4407/hotspot/src/share/vm/prims/jvm.cpp, line 1386]
Event: 0.145 Thread 0x00007fd7db804800 Exception <a 'java/security/PrivilegedActionException'> (0x0000000795833a98) thrown at [/Users/java_re/workspace/8-2-build-macosx-x86_64/jdk8u60/4407/hotspot/src/share/vm/prims/jvm.cpp, line 1386]
Event: 0.309 Thread 0x00007fd7db804800 Exception <a 'java/security/PrivilegedActionException'> (0x0000000795ca8dd0) thrown at [/Users/java_re/workspace/8-2-build-macosx-x86_64/jdk8u60/4407/hotspot/src/share/vm/prims/jvm.cpp, line 1386]
Event: 0.309 Thread 0x00007fd7db804800 Exception <a 'java/security/PrivilegedActionException'> (0x0000000795ca91c8) thrown at [/Users/java_re/workspace/8-2-build-macosx-x86_64/jdk8u60/4407/hotspot/src/share/vm/prims/jvm.cpp, line 1386]
Event: 0.309 Thread 0x00007fd7db804800 Exception <a 'java/security/PrivilegedActionException'> (0x0000000795cac838) thrown at [/Users/java_re/workspace/8-2-build-macosx-x86_64/jdk8u60/4407/hotspot/src/share/vm/prims/jvm.cpp, line 1386]
Event: 0.309 Thread 0x00007fd7db804800 Exception <a 'java/security/PrivilegedActionException'> (0x0000000795cacc50) thrown at [/Users/java_re/workspace/8-2-build-macosx-x86_64/jdk8u60/4407/hotspot/src/share/vm/prims/jvm.cpp, line 1386]
Event: 0.387 Thread 0x00007fd7db804800 Exception <a 'java/lang/NoSuchFieldError': method resolution failed> (0x0000000795e0ae40) thrown at [/Users/java_re/workspace/8-2-build-macosx-x86_64/jdk8u60/4407/hotspot/src/share/vm/prims/methodHandles.cpp, line 1146]
Event: 0.397 Thread 0x00007fd7db804800 Exception <a 'java/lang/NoSuchFieldError': method resolution failed> (0x0000000795e18530) thrown at [/Users/java_re/workspace/8-2-build-macosx-x86_64/jdk8u60/4407/hotspot/src/share/vm/prims/methodHandles.cpp, line 1146]

Events (10 events):
Event: 52.879 Executing VM operation: GetCurrentLocation
Event: 52.879 Executing VM operation: GetCurrentLocation done
Event: 52.879 Executing VM operation: EnterInterpOnlyMode
Event: 52.879 Executing VM operation: EnterInterpOnlyMode done
Event: 52.879 Executing VM operation: ChangeSingleStep
Event: 52.879 Executing VM operation: ChangeSingleStep done
Event: 52.879 Executing VM operation: ChangeSingleStep
Event: 52.879 Executing VM operation: ChangeSingleStep done
Event: 52.883 Executing VM operation: RedefineClasses
Event: 52.886 Executing VM operation: RedefineClasses done


Dynamic libraries:
0x0000000008e87000 	/System/Library/Frameworks/Cocoa.framework/Versions/A/Cocoa
0x0000000008e87000 	/System/Library/Frameworks/Security.framework/Versions/A/Security
0x0000000008e87000 	/System/Library/Frameworks/ApplicationServices.framework/Versions/A/ApplicationServices
0x0000000008e87000 	/usr/lib/libz.1.dylib
0x0000000008e87000 	/usr/lib/libSystem.B.dylib
0x0000000008e87000 	/usr/lib/libobjc.A.dylib
0x0000000008e87000 	/System/Library/Frameworks/CoreFoundation.framework/Versions/A/CoreFoundation
0x0000000008e87000 	/System/Library/Frameworks/Foundation.framework/Versions/C/Foundation
0x0000000008e87000 	/System/Library/Frameworks/AppKit.framework/Versions/C/AppKit
0x0000000008e87000 	/System/Library/Frameworks/CoreData.framework/Versions/A/CoreData
0x0000000008e87000 	/System/Library/PrivateFrameworks/RemoteViewServices.framework/Versions/A/RemoteViewServices
0x0000000008e87000 	/System/Library/PrivateFrameworks/UIFoundation.framework/Versions/A/UIFoundation
0x0000000008e87000 	/System/Library/Frameworks/IOSurface.framework/Versions/A/IOSurface
0x0000000008e87000 	/System/Library/Frameworks/AudioToolbox.framework/Versions/A/AudioToolbox
0x0000000008e87000 	/System/Library/Frameworks/AudioUnit.framework/Versions/A/AudioUnit
0x0000000008e87000 	/System/Library/PrivateFrameworks/DataDetectorsCore.framework/Versions/A/DataDetectorsCore
0x0000000008e87000 	/System/Library/PrivateFrameworks/DesktopServicesPriv.framework/Versions/A/DesktopServicesPriv
0x0000000008e87000 	/System/Library/Frameworks/Carbon.framework/Versions/A/Frameworks/HIToolbox.framework/Versions/A/HIToolbox
0x0000000008e87000 	/System/Library/Frameworks/QuartzCore.framework/Versions/A/QuartzCore
0x0000000008e87000 	/System/Library/Frameworks/Carbon.framework/Versions/A/Frameworks/SpeechRecognition.framework/Versions/A/SpeechRecognition
0x0000000008e87000 	/usr/lib/libauto.dylib
0x0000000008e87000 	/usr/lib/libicucore.A.dylib
0x0000000008e87000 	/usr/lib/libxml2.2.dylib
0x0000000008e87000 	/System/Library/PrivateFrameworks/CoreUI.framework/Versions/A/CoreUI
0x0000000008e87000 	/System/Library/Frameworks/CoreAudio.framework/Versions/A/CoreAudio
0x0000000008e87000 	/System/Library/Frameworks/DiskArbitration.framework/Versions/A/DiskArbitration
0x0000000008e87000 	/usr/lib/liblangid.dylib
0x0000000008e87000 	/System/Library/PrivateFrameworks/MultitouchSupport.framework/Versions/A/MultitouchSupport
0x0000000008e87000 	/System/Library/Frameworks/IOKit.framework/Versions/A/IOKit
0x0000000008e87000 	/usr/lib/libDiagnosticMessagesClient.dylib
0x0000000008e87000 	/System/Library/Frameworks/CoreServices.framework/Versions/A/CoreServices
0x0000000008e87000 	/System/Library/PrivateFrameworks/PerformanceAnalysis.framework/Versions/A/PerformanceAnalysis
0x0000000008e87000 	/System/Library/PrivateFrameworks/GenerationalStorage.framework/Versions/A/GenerationalStorage
0x0000000008e87000 	/System/Library/Frameworks/OpenGL.framework/Versions/A/OpenGL
0x0000000008e87000 	/System/Library/PrivateFrameworks/Sharing.framework/Versions/A/Sharing
0x0000000008e87000 	/System/Library/Frameworks/CoreGraphics.framework/Versions/A/CoreGraphics
0x0000000008e87000 	/System/Library/Frameworks/CoreText.framework/Versions/A/CoreText
0x0000000008e87000 	/System/Library/Frameworks/ImageIO.framework/Versions/A/ImageIO
0x0000000008e87000 	/usr/lib/libextension.dylib
0x0000000008e87000 	/System/Library/PrivateFrameworks/Backup.framework/Versions/A/Backup
0x0000000008e87000 	/usr/lib/libarchive.2.dylib
0x0000000008e87000 	/System/Library/Frameworks/CFNetwork.framework/Versions/A/CFNetwork
0x0000000008e87000 	/System/Library/Frameworks/SystemConfiguration.framework/Versions/A/SystemConfiguration
0x0000000008e87000 	/usr/lib/libCRFSuite.dylib
0x0000000008e87000 	/usr/lib/libc++.1.dylib
0x0000000008e87000 	/usr/lib/libc++abi.dylib
0x0000000008e87000 	/usr/lib/system/libcache.dylib
0x0000000008e87000 	/usr/lib/system/libcommonCrypto.dylib
0x0000000008e87000 	/usr/lib/system/libcompiler_rt.dylib
0x0000000008e87000 	/usr/lib/system/libcopyfile.dylib
0x0000000008e87000 	/usr/lib/system/libcorecrypto.dylib
0x0000000008e87000 	/usr/lib/system/libdispatch.dylib
0x0000000008e87000 	/usr/lib/system/libdyld.dylib
0x0000000008e87000 	/usr/lib/system/libkeymgr.dylib
0x0000000008e87000 	/usr/lib/system/liblaunch.dylib
0x0000000008e87000 	/usr/lib/system/libmacho.dylib
0x0000000008e87000 	/usr/lib/system/libquarantine.dylib
0x0000000008e87000 	/usr/lib/system/libremovefile.dylib
0x0000000008e87000 	/usr/lib/system/libsystem_asl.dylib
0x0000000008e87000 	/usr/lib/system/libsystem_blocks.dylib
0x0000000008e87000 	/usr/lib/system/libsystem_c.dylib
0x0000000008e87000 	/usr/lib/system/libsystem_configuration.dylib
0x0000000008e87000 	/usr/lib/system/libsystem_coreservices.dylib
0x0000000008e87000 	/usr/lib/system/libsystem_coretls.dylib
0x0000000008e87000 	/usr/lib/system/libsystem_dnssd.dylib
0x0000000008e87000 	/usr/lib/system/libsystem_info.dylib
0x0000000008e87000 	/usr/lib/system/libsystem_kernel.dylib
0x0000000008e87000 	/usr/lib/system/libsystem_m.dylib
0x0000000008e87000 	/usr/lib/system/libsystem_malloc.dylib
0x0000000008e87000 	/usr/lib/system/libsystem_network.dylib
0x0000000008e87000 	/usr/lib/system/libsystem_networkextension.dylib
0x0000000008e87000 	/usr/lib/system/libsystem_notify.dylib
0x0000000008e87000 	/usr/lib/system/libsystem_platform.dylib
0x0000000008e87000 	/usr/lib/system/libsystem_pthread.dylib
0x0000000008e87000 	/usr/lib/system/libsystem_sandbox.dylib
0x0000000008e87000 	/usr/lib/system/libsystem_secinit.dylib
0x0000000008e87000 	/usr/lib/system/libsystem_stats.dylib
0x0000000008e87000 	/usr/lib/system/libsystem_trace.dylib
0x0000000008e87000 	/usr/lib/system/libunc.dylib
0x0000000008e87000 	/usr/lib/system/libunwind.dylib
0x0000000008e87000 	/usr/lib/system/libxpc.dylib
0x0000000008e87000 	/usr/lib/libbz2.1.0.dylib
0x0000000008e87000 	/usr/lib/liblzma.5.dylib
0x0000000008e87000 	/usr/lib/libbsm.0.dylib
0x0000000008e87000 	/usr/lib/libsqlite3.dylib
0x0000000008e87000 	/usr/lib/system/libkxld.dylib
0x0000000008e87000 	/usr/lib/libxar.1.dylib
0x0000000008e87000 	/usr/lib/libpam.2.dylib
0x0000000008e87000 	/usr/lib/libOpenScriptingUtil.dylib
0x0000000008e87000 	/System/Library/Frameworks/CoreServices.framework/Versions/A/Frameworks/FSEvents.framework/Versions/A/FSEvents
0x0000000008e87000 	/System/Library/Frameworks/CoreServices.framework/Versions/A/Frameworks/CarbonCore.framework/Versions/A/CarbonCore
0x0000000008e87000 	/System/Library/Frameworks/CoreServices.framework/Versions/A/Frameworks/Metadata.framework/Versions/A/Metadata
0x0000000008e87000 	/System/Library/Frameworks/CoreServices.framework/Versions/A/Frameworks/OSServices.framework/Versions/A/OSServices
0x0000000008e87000 	/System/Library/Frameworks/CoreServices.framework/Versions/A/Frameworks/SearchKit.framework/Versions/A/SearchKit
0x0000000008e87000 	/System/Library/Frameworks/CoreServices.framework/Versions/A/Frameworks/AE.framework/Versions/A/AE
0x0000000008e87000 	/System/Library/Frameworks/CoreServices.framework/Versions/A/Frameworks/LaunchServices.framework/Versions/A/LaunchServices
0x0000000008e87000 	/System/Library/Frameworks/CoreServices.framework/Versions/A/Frameworks/DictionaryServices.framework/Versions/A/DictionaryServices
0x0000000008e87000 	/System/Library/Frameworks/NetFS.framework/Versions/A/NetFS
0x0000000008e87000 	/System/Library/PrivateFrameworks/NetAuth.framework/Versions/A/NetAuth
0x0000000008e87000 	/System/Library/PrivateFrameworks/login.framework/Versions/A/Frameworks/loginsupport.framework/Versions/A/loginsupport
0x0000000008e87000 	/System/Library/PrivateFrameworks/TCC.framework/Versions/A/TCC
0x0000000008e87000 	/usr/lib/libmecabra.dylib
0x0000000008e87000 	/System/Library/Frameworks/ApplicationServices.framework/Versions/A/Frameworks/ATS.framework/Versions/A/ATS
0x0000000008e87000 	/System/Library/Frameworks/ApplicationServices.framework/Versions/A/Frameworks/ColorSync.framework/Versions/A/ColorSync
0x0000000008e87000 	/System/Library/Frameworks/ApplicationServices.framework/Versions/A/Frameworks/HIServices.framework/Versions/A/HIServices
0x0000000008e87000 	/System/Library/Frameworks/ApplicationServices.framework/Versions/A/Frameworks/LangAnalysis.framework/Versions/A/LangAnalysis
0x0000000008e87000 	/System/Library/Frameworks/ApplicationServices.framework/Versions/A/Frameworks/PrintCore.framework/Versions/A/PrintCore
0x0000000008e87000 	/System/Library/Frameworks/ApplicationServices.framework/Versions/A/Frameworks/QD.framework/Versions/A/QD
0x0000000008e87000 	/System/Library/Frameworks/ApplicationServices.framework/Versions/A/Frameworks/SpeechSynthesis.framework/Versions/A/SpeechSynthesis
0x0000000008e87000 	/System/Library/Frameworks/Accelerate.framework/Versions/A/Accelerate
0x0000000008e87000 	/System/Library/Frameworks/Accelerate.framework/Versions/A/Frameworks/vImage.framework/Versions/A/vImage
0x0000000008e87000 	/System/Library/Frameworks/Accelerate.framework/Versions/A/Frameworks/vecLib.framework/Versions/A/vecLib
0x0000000008e87000 	/System/Library/Frameworks/Accelerate.framework/Versions/A/Frameworks/vecLib.framework/Versions/A/libvDSP.dylib
0x0000000008e87000 	/System/Library/Frameworks/Accelerate.framework/Versions/A/Frameworks/vecLib.framework/Versions/A/libvMisc.dylib
0x0000000008e87000 	/System/Library/Frameworks/Accelerate.framework/Versions/A/Frameworks/vecLib.framework/Versions/A/libLAPACK.dylib
0x0000000008e87000 	/System/Library/Frameworks/Accelerate.framework/Versions/A/Frameworks/vecLib.framework/Versions/A/libBLAS.dylib
0x0000000008e87000 	/System/Library/Frameworks/Accelerate.framework/Versions/A/Frameworks/vecLib.framework/Versions/A/libLinearAlgebra.dylib
0x0000000008e87000 	/System/Library/Frameworks/ApplicationServices.framework/Versions/A/Frameworks/ATS.framework/Versions/A/Resources/libFontParser.dylib
0x0000000008e87000 	/System/Library/Frameworks/ApplicationServices.framework/Versions/A/Frameworks/ATS.framework/Versions/A/Resources/libFontRegistry.dylib
0x0000000008e87000 	/System/Library/PrivateFrameworks/AppleVPA.framework/Versions/A/AppleVPA
0x0000000008e87000 	/System/Library/PrivateFrameworks/AppleJPEG.framework/Versions/A/AppleJPEG
0x0000000008e87000 	/System/Library/Frameworks/ImageIO.framework/Versions/A/Resources/libJPEG.dylib
0x0000000008e87000 	/System/Library/Frameworks/ImageIO.framework/Versions/A/Resources/libTIFF.dylib
0x0000000008e87000 	/System/Library/Frameworks/ImageIO.framework/Versions/A/Resources/libPng.dylib
0x0000000008e87000 	/System/Library/Frameworks/ImageIO.framework/Versions/A/Resources/libGIF.dylib
0x0000000008e87000 	/System/Library/Frameworks/ImageIO.framework/Versions/A/Resources/libJP2.dylib
0x0000000008e87000 	/System/Library/Frameworks/ImageIO.framework/Versions/A/Resources/libRadiance.dylib
0x0000000008e87000 	/System/Library/Frameworks/CoreVideo.framework/Versions/A/CoreVideo
0x0000000008e87000 	/System/Library/Frameworks/OpenGL.framework/Versions/A/Libraries/libGLU.dylib
0x0000000008e87000 	/System/Library/Frameworks/OpenGL.framework/Versions/A/Libraries/libGFXShared.dylib
0x0000000008e87000 	/System/Library/Frameworks/OpenGL.framework/Versions/A/Libraries/libGL.dylib
0x0000000008e87000 	/System/Library/Frameworks/OpenGL.framework/Versions/A/Libraries/libGLImage.dylib
0x0000000008e87000 	/System/Library/Frameworks/OpenGL.framework/Versions/A/Libraries/libCVMSPluginSupport.dylib
0x0000000008e87000 	/System/Library/Frameworks/OpenGL.framework/Versions/A/Libraries/libCoreVMClient.dylib
0x0000000008e87000 	/usr/lib/libcups.2.dylib
0x0000000008e87000 	/System/Library/Frameworks/Kerberos.framework/Versions/A/Kerberos
0x0000000008e87000 	/System/Library/Frameworks/GSS.framework/Versions/A/GSS
0x0000000008e87000 	/usr/lib/libresolv.9.dylib
0x0000000008e87000 	/usr/lib/libiconv.2.dylib
0x0000000008e87000 	/System/Library/PrivateFrameworks/Heimdal.framework/Versions/A/Heimdal
0x0000000008e87000 	/usr/lib/libheimdal-asn1.dylib
0x0000000008e87000 	/System/Library/Frameworks/OpenDirectory.framework/Versions/A/OpenDirectory
0x0000000008e87000 	/System/Library/PrivateFrameworks/CommonAuth.framework/Versions/A/CommonAuth
0x0000000008e87000 	/System/Library/Frameworks/OpenDirectory.framework/Versions/A/Frameworks/CFOpenDirectory.framework/Versions/A/CFOpenDirectory
0x0000000008e87000 	/System/Library/Frameworks/SecurityFoundation.framework/Versions/A/SecurityFoundation
0x0000000008e87000 	/System/Library/PrivateFrameworks/LanguageModeling.framework/Versions/A/LanguageModeling
0x0000000008e87000 	/usr/lib/libcmph.dylib
0x0000000008e87000 	/System/Library/Frameworks/ServiceManagement.framework/Versions/A/ServiceManagement
0x0000000008e87000 	/usr/lib/libxslt.1.dylib
0x0000000008e87000 	/System/Library/Frameworks/Carbon.framework/Versions/A/Frameworks/Ink.framework/Versions/A/Ink
0x0000000008e87000 	/System/Library/Frameworks/QuartzCore.framework/Versions/A/Frameworks/CoreImage.framework/Versions/A/CoreImage
0x0000000008e87000 	/System/Library/PrivateFrameworks/CrashReporterSupport.framework/Versions/A/CrashReporterSupport
0x0000000008e87000 	/System/Library/Frameworks/OpenCL.framework/Versions/A/OpenCL
0x0000000008e87000 	/System/Library/PrivateFrameworks/FaceCore.framework/Versions/A/FaceCore
0x0000000008e87000 	/System/Library/PrivateFrameworks/Ubiquity.framework/Versions/A/Ubiquity
0x0000000008e87000 	/System/Library/PrivateFrameworks/IconServices.framework/Versions/A/IconServices
0x0000000008e87000 	/System/Library/PrivateFrameworks/ChunkingLibrary.framework/Versions/A/ChunkingLibrary
0x0000000008e87000 	/System/Library/PrivateFrameworks/Apple80211.framework/Versions/A/Apple80211
0x0000000008e87000 	/System/Library/Frameworks/CoreWLAN.framework/Versions/A/CoreWLAN
0x0000000008e87000 	/System/Library/Frameworks/IOBluetooth.framework/Versions/A/IOBluetooth
0x0000000008e87000 	/System/Library/PrivateFrameworks/CoreWiFi.framework/Versions/A/CoreWiFi
0x0000000008e87000 	/System/Library/Frameworks/CoreBluetooth.framework/Versions/A/CoreBluetooth
0x0000000008e87000 	/System/Library/PrivateFrameworks/DebugSymbols.framework/Versions/A/DebugSymbols
0x0000000008e87000 	/System/Library/PrivateFrameworks/CoreSymbolication.framework/Versions/A/CoreSymbolication
0x0000000008e87000 	/System/Library/PrivateFrameworks/Symbolication.framework/Versions/A/Symbolication
0x0000000008e87000 	/System/Library/PrivateFrameworks/SpeechRecognitionCore.framework/Versions/A/SpeechRecognitionCore
0x0000000107200000 	/Library/Java/JavaVirtualMachines/jdk1.8.0_60.jdk/Contents/Home/jre/lib/server/libjvm.dylib
0x0000000008e87000 	/usr/lib/libstdc++.6.dylib
0x0000000106993000 	/Library/Java/JavaVirtualMachines/jdk1.8.0_60.jdk/Contents/Home/jre/lib/libverify.dylib
0x00000001069a1000 	/Library/Java/JavaVirtualMachines/jdk1.8.0_60.jdk/Contents/Home/jre/lib/libjava.dylib
0x000000010828c000 	/Library/Java/JavaVirtualMachines/jdk1.8.0_60.jdk/Contents/Home/jre/lib/libjdwp.dylib
0x00000001069d7000 	/Library/Java/JavaVirtualMachines/jdk1.8.0_60.jdk/Contents/Home/jre/lib/libnpt.dylib
0x00000001069e4000 	/Library/Java/JavaVirtualMachines/jdk1.8.0_60.jdk/Contents/Home/jre/lib/libzip.dylib
0x000000011e34e000 	/System/Library/Frameworks/JavaVM.framework/Frameworks/JavaRuntimeSupport.framework/JavaRuntimeSupport
0x000000011e369000 	/System/Library/Frameworks/JavaVM.framework/Versions/A/Frameworks/JavaNativeFoundation.framework/Versions/A/JavaNativeFoundation
0x00000001069ee000 	/System/Library/Frameworks/JavaVM.framework/Versions/A/JavaVM
0x0000000008e87000 	/System/Library/Frameworks/Carbon.framework/Versions/A/Carbon
0x000000011e37e000 	/System/Library/PrivateFrameworks/JavaLaunching.framework/Versions/A/JavaLaunching
0x0000000008e87000 	/System/Library/Frameworks/Carbon.framework/Versions/A/Frameworks/CommonPanels.framework/Versions/A/CommonPanels
0x0000000008e87000 	/System/Library/Frameworks/Carbon.framework/Versions/A/Frameworks/Help.framework/Versions/A/Help
0x0000000008e87000 	/System/Library/Frameworks/Carbon.framework/Versions/A/Frameworks/ImageCapture.framework/Versions/A/ImageCapture
0x0000000008e87000 	/System/Library/Frameworks/Carbon.framework/Versions/A/Frameworks/OpenScripting.framework/Versions/A/OpenScripting
0x0000000008e87000 	/System/Library/Frameworks/Carbon.framework/Versions/A/Frameworks/Print.framework/Versions/A/Print
0x0000000008e87000 	/System/Library/Frameworks/Carbon.framework/Versions/A/Frameworks/SecurityHI.framework/Versions/A/SecurityHI
0x000000011fd65000 	/Library/Java/JavaVirtualMachines/jdk1.8.0_60.jdk/Contents/Home/jre/lib/libdt_socket.dylib
0x00000001205d5000 	/Library/Java/JavaVirtualMachines/jdk1.8.0_60.jdk/Contents/Home/jre/lib/libnet.dylib

VM Arguments:
jvm_args: -agentlib:jdwp=transport=dt_socket,suspend=y,address=localhost:50429 -Dfile.encoding=UTF-8 
java_command: org.eclipse.jdt.internal.junit.runner.RemoteTestRunner -version 3 -port 50428 -testLoaderClass org.eclipse.jdt.internal.junit4.runner.JUnit4TestLoader -loaderpluginname org.eclipse.jdt.junit4.runtime -classNames actions.TennisGenerateJsonTest
java_class_path (initial): /Users/soniasotosmaestro/Desktop/Sports/target/test-classes:/Users/soniasotosmaestro/Desktop/Sports/target/classes:/Users/soniasotosmaestro/Documents/eclipse/plugins/org.junit_4.11.0.v201303080030/junit.jar:/Users/soniasotosmaestro/Documents/eclipse/plugins/org.hamcrest.core_1.3.0.v201303031735.jar:/Users/soniasotosmaestro/.m2/repository/junit/junit/3.8.1/junit-3.8.1.jar:/Users/soniasotosmaestro/.m2/repository/org/apache/commons/commons-lang3/3.4/commons-lang3-3.4.jar:/Users/soniasotosmaestro/.m2/repository/com/fasterxml/jackson/core/jackson-core/2.8.1/jackson-core-2.8.1.jar:/Users/soniasotosmaestro/Documents/eclipse/configuration/org.eclipse.osgi/360/0/.cp/:/Users/soniasotosmaestro/Documents/eclipse/configuration/org.eclipse.osgi/359/0/.cp/
Launcher Type: SUN_STANDARD

Environment Variables:
PATH=/usr/bin:/bin:/usr/sbin:/sbin
SHELL=/bin/bash

Signal Handlers:
SIGSEGV: [libjvm.dylib+0x5a6d31], sa_mask[0]=11111111011111110111111111111111, sa_flags=SA_ONSTACK|SA_RESTART|SA_SIGINFO
SIGBUS: [libjvm.dylib+0x5a6d31], sa_mask[0]=11111111011111110111111111111111, sa_flags=SA_RESTART|SA_SIGINFO
SIGFPE: [libjvm.dylib+0x480a4c], sa_mask[0]=11111111011111110111111111111111, sa_flags=SA_RESTART|SA_SIGINFO
SIGPIPE: [libjvm.dylib+0x480a4c], sa_mask[0]=11111111011111110111111111111111, sa_flags=SA_RESTART|SA_SIGINFO
SIGXFSZ: [libjvm.dylib+0x480a4c], sa_mask[0]=11111111011111110111111111111111, sa_flags=SA_RESTART|SA_SIGINFO
SIGILL: [libjvm.dylib+0x480a4c], sa_mask[0]=11111111011111110111111111111111, sa_flags=SA_RESTART|SA_SIGINFO
SIGUSR1: SIG_DFL, sa_mask[0]=00000000000000000000000000000000, sa_flags=none
SIGUSR2: [libjvm.dylib+0x48056a], sa_mask[0]=00100000000000000000000000000000, sa_flags=SA_RESTART|SA_SIGINFO
SIGHUP: [libjvm.dylib+0x47eb41], sa_mask[0]=11111111011111110111111111111111, sa_flags=SA_RESTART|SA_SIGINFO
SIGINT: [libjvm.dylib+0x47eb41], sa_mask[0]=11111111011111110111111111111111, sa_flags=SA_RESTART|SA_SIGINFO
SIGTERM: [libjvm.dylib+0x47eb41], sa_mask[0]=11111111011111110111111111111111, sa_flags=SA_RESTART|SA_SIGINFO
SIGQUIT: [libjvm.dylib+0x47eb41], sa_mask[0]=11111111011111110111111111111111, sa_flags=SA_RESTART|SA_SIGINFO


---------------  S Y S T E M  ---------------

OS:Bsduname:Darwin 14.5.0 Darwin Kernel Version 14.5.0: Mon Jan 11 18:48:35 PST 2016; root:xnu-2782.50.2~1/RELEASE_X86_64 x86_64
rlimit: STACK 8192k, CORE 0k, NPROC 709, NOFILE 10240, AS infinity
load average:1.48 1.63 1.57

CPU:total 4 (2 cores per cpu, 2 threads per core) family 6 model 61 stepping 4, cmov, cx8, fxsr, mmx, sse, sse2, sse3, ssse3, sse4.1, sse4.2, popcnt, avx, avx2, aes, clmul, erms, rtm, 3dnowpref, lzcnt, ht, tsc, tscinvbit, bmi1, bmi2, adx

Memory: 4k page, physical 8388608k(2991696k free)

/proc/meminfo:


vm_info: Java HotSpot(TM) 64-Bit Server VM (25.60-b23) for bsd-amd64 JRE (1.8.0_60-b27), built on Aug  4 2015 10:47:24 by "java_re" with gcc 4.2.1 (Based on Apple Inc. build 5658) (LLVM build 2336.11.00)

time: Wed Aug  3 16:44:58 2016
elapsed time: 54 seconds (0d 0h 0m 54s)

